A D/CogoInfo////
A D/Column////
A D/ColumnSpacing////
A D/CrossBeam////
A D/DistributionFactor////
A D/FilteredSegmentCollection////
A D/GenericBridge////
A D/GirderSpacing////
A D/LongitudinalPierDescription////
A D/Pier////
A D/PierCollection////
A D/PointOfInterest////
A D/PointOfInterestCollection////
A D/Segment////
A D/SegmentCrossSection////
A D/SegmentItem////
A D/Span////
A D/SpanCollection////
A D/Stage////
A D/StageCollection////
A D/StressPoint////
A D/StressPointCollection////
A D/SuperstructureMember////
A D/SuperstructureMemberCollection////
A D/TemporaryPierItem////
A D/TemporaryPierItemCollection////
A D/TransversePierDescription////
