A D/AxialInteractionCurveSolver////
A D/CapacityReductionFactor////
A D/CircularManderSection////
A D/GeneralSection////
A D/GeneralSectionSlice////
A D/GeneralSectionSolution////
A D/GeneralSectionSolver////
A D/InteractionCapacityCurveSolution////
A D/InteractionCurveSolution////
A D/InteractionCurveSolver////
A D/LFDSolver////
A D/LRFDSolver////
A D/ManderModel////
A D/MixedSolver////
A D/MomentCapacitySolution////
A D/MomentCapacitySolver////
A D/MomentCurvatureSolution////
A D/MomentCurvatureSolver////
A D/MomentInteractionCurveSolver////
A D/NLSolver////
A D/PCISolution////
A D/PCISolutionEx////
A D/PCISolver////
A D/PSPowerFormula////
A D/RCBeam////
A D/RCBeam2////
A D/RCBeam2Ex////
A D/RCSolution////
A D/RCSolutionEx////
A D/RebarModel////
A D/RoundColumn////
A D/SectionBuilder////
A D/StrainHardenedRebarModel////
A D/UnconfinedConcrete////
