A D/BoxBeam////
A D/BulbTee////
A D/Circle////
A D/CircularSegment////
A D/CompositeShape////
A D/CompositeShapeItem////
A D/CoordinateXform2d////
A D/CoordinateXform3d////
A D/DeckedSlabBeam////
A D/GeomUtil////
A D/Line2d////
A D/LineSegment2d////
A D/MultiWeb////
A D/MultiWeb2////
A D/NUBeam////
A D/Plane3d////
A D/PlateGirder////
A D/Point2d////
A D/Point2dCollection////
A D/Point3d////
A D/Point3dCollection////
A D/PolyShape////
A D/PrecastBeam////
A D/PrimitiveFactory////
A D/Rect2d////
A D/Rectangle////
A D/ShapeCollection////
A D/ShapeProperties////
A D/Size2d////
A D/Size3d////
A D/TrafficBarrier////
A D/Triangle////
A D/UBeam////
A D/UBeam2////
A D/Vector2d////
A D/Vector3d////
A D/VoidedSlab////
A D/VoidedSlab2////
