A D/BridgeAnalysis////
A D/BridgeGeometry////
A D/BridgeModeling////
A D/DManip////
A D/DManipTools////
A D/EAF////
A D/EngTools////
A D/GenericBridge////
A D/GeomModel////
A D/GeometricPrimitives////
A D/GraphManager////
A D/GraphicsLib////
A D/LRFD////
A D/LibraryFw////
A D/Material////
A D/Math////
A D/MfcTools////
A D/Private////
A D/ReinforcedConcrete////
A D/ReportManager////
A D/Reporter////
A D/Roark////
A D/SimErr////
A D/Stability////
A D/System////
A D/UnitMgt////
A D/UnitTests////
A D/Units////
A D/UserInterfaceControls////
A D/WBFLCogo////
A D/WBFLGenericBridgeTools////
A D/WBFLTools////
A D/WBFLUnitServer////
