A D/Axle////
A D/Axles////
A D/CrossSection////
A D/DistributedLoad////
A D/DistributedLoads////
A D/DistributionFactor////
A D/DistributionFactorSegment////
A D/DistributionFactors////
A D/FastEnumerators////
A D/FilteredDfSegmentCollection////
A D/FilteredSegmentCollection////
A D/LiveLoad////
A D/LiveLoadModel////
A D/LoadCase////
A D/LoadCases////
A D/LoadCombination////
A D/LoadCombinations////
A D/LoadGroup////
A D/LoadGroups////
A D/LoadItem////
A D/Load_Collections////
A D/Model////
A D/POI////
A D/POIStressPoints////
A D/POIStressPointsItem////
A D/POIs////
A D/PointLoad////
A D/PointLoads////
A D/Segment////
A D/SegmentItem////
A D/SettlementLoad////
A D/SettlementLoads////
A D/Span////
A D/Spans////
A D/Stage////
A D/Stages////
A D/StrainLoad////
A D/StrainLoads////
A D/StressPoint////
A D/StressPoints////
A D/SuperstructureMember////
A D/SuperstructureMembers////
A D/Support////
A D/Supports////
A D/TemperatureLoad////
A D/TemperatureLoads////
A D/TemporarySupport////
A D/TemporarySupports////
A D/VehicularLoad////
A D/VehicularLoads////
