A D/AnalysisPOIs////
A D/ContraflexureResponse////
A D/DependOnLBAM////
A D/GetActiveLoadGroups////
A D/GetCrossSection////
A D/GetDistributionFactors////
A D/GetFemForLoadGroupResponse////
A D/GetStressPoints////
A D/InfluenceLine////
A D/InfluenceLineResponse////
A D/LiveLoadNegativeMomentRegion////
A D/LoadGroupDeflectionResponse////
A D/LoadGroupForceResponse////
A D/LoadGroupResponse////
A D/Result3D////
A D/Result3Ds////
A D/SectionResult3D////
A D/SectionResult3Ds////
A D/SectionStressResult////
A D/SectionStressResults////
A D/StressResult////
A D/StressResults////
