  StdAfx.cpp
  AddPointLoadDlg.cpp
  ChildFrm.cpp
  CreateLoadingDlg.cpp
  DisplayObjectFactory.cpp
  DistributedLoadListPage.cpp
  EditJointDlg.cpp
  EditMbrLength.cpp
  EditMemberDlg.cpp
  FEA2D.cpp
  FEA2DDoc.cpp
  FEA2DView.cpp
  JointDrawStrategyImpl.cpp
  JointEvents.cpp
  JointListPage.cpp
  JointLoadListPage.cpp
  MainFrm.cpp
  MemberDropSite.cpp
  MemberDropSite.cpp(249) : Reminder: Use a factory for the line above
  MemberDropSite.cpp(286) : Reminder: Use a factory for the line above
  MemberDropSite.cpp(337) : Reminder: Use a factory object for this
  MemberListPage.cpp
  MemberStrainLoadListPage.cpp
  ModelPropertiesDlg.cpp
  Generating Code...
  Compiling...
  PoiListPage.cpp
  PointLoadDrawStrategyImpl.cpp
  PointLoadEventsImpl.cpp
  PointLoadListPage.cpp
  ResultsListPage.cpp
  mfcdual.cpp
  Generating Code...
  FEA2D.vcxproj -> \ARP\WBFL\RegFreeCom\x64\Release\FEA2D.exe
  FEA2D.vcxproj -> \ARP\WBFL\RegFreeCom\x64\Release\FEA2D.pdb (Full PDB)
